<?xml version="1.0" encoding="UTF-8"?>
<!-- Generated by org.testng.reporters.JUnitReportReporter -->
<testsuite skipped="0" hostname="Gyansetu-PC" name="com.gs.selenium.testcases.LoginTest" tests="1" failures="0" timestamp="08 Feb 2019 15:01:42 GMT" time="14.218" errors="0">
  <testcase name="login" time="14.218" classname="com.gs.selenium.testcases.LoginTest"/>
</testsuite> <!-- com.gs.selenium.testcases.LoginTest -->
